<?xml version="1.0" encoding="UTF-8"?>
<!-- Generated by org.testng.reporters.JUnitReportReporter -->
<testsuite skipped="0" hostname="DESKTOP-7OTDMTD" name="com.aamirsuhail.LibraryRegressionTests" tests="6" failures="0" timestamp="2021-06-05T12:41:55 IST" time="0.015" errors="0">
  <testcase name="libraryRegressionTestThree" time="0.000" classname="com.aamirsuhail.LibraryRegressionTests"/>
  <system-out/>
  <testcase name="libraryRegressionTestSix" time="0.000" classname="com.aamirsuhail.LibraryRegressionTests"/>
  <system-out/>
  <testcase name="libraryRegressionTestFour" time="0.000" classname="com.aamirsuhail.LibraryRegressionTests"/>
  <system-out/>
  <testcase name="libraryRegressionTestTwo" time="0.000" classname="com.aamirsuhail.LibraryRegressionTests"/>
  <system-out/>
  <testcase name="libraryRegressionTestOne" time="0.000" classname="com.aamirsuhail.LibraryRegressionTests"/>
  <system-out/>
  <testcase name="libraryRegressionTestFive" time="0.015" classname="com.aamirsuhail.LibraryRegressionTests"/>
  <system-out/>
</testsuite> <!-- com.aamirsuhail.LibraryRegressionTests -->
