<?xml version="1.0" encoding="UTF-8"?>
<!-- Generated by org.testng.reporters.JUnitReportReporter -->
<testsuite skipped="0" hostname="DESKTOP-7OTDMTD" name="com.aamirsuhail.LibrarySanityTests" tests="6" failures="0" timestamp="2021-06-05T12:41:30 IST" time="0.015" errors="0">
  <testcase name="librarySanityTestThree" time="0.000" classname="com.aamirsuhail.LibrarySanityTests"/>
  <system-out/>
  <testcase name="librarySanityTestSix" time="0.000" classname="com.aamirsuhail.LibrarySanityTests"/>
  <system-out/>
  <testcase name="librarySanityTestFour" time="0.000" classname="com.aamirsuhail.LibrarySanityTests"/>
  <system-out/>
  <testcase name="librarySanityTestTwo" time="0.000" classname="com.aamirsuhail.LibrarySanityTests"/>
  <system-out/>
  <testcase name="librarySanityTestOne" time="0.000" classname="com.aamirsuhail.LibrarySanityTests"/>
  <system-out/>
  <testcase name="librarySanityTestFive" time="0.015" classname="com.aamirsuhail.LibrarySanityTests"/>
  <system-out/>
</testsuite> <!-- com.aamirsuhail.LibrarySanityTests -->
